The system is: Windows - 10.0.18362 - AMD64
Compiling the C compiler identification source file "CMakeCCompilerId.c" succeeded.
Compiler: C:/Program Files (x86)/Microsoft Visual Studio/2019/Community/VC/Tools/MSVC/14.24.28314/bin/HostX64/x64/cl.exe 
Build flags: 
Id flags:  

The output was:
0
Microsoft (R) C/C++ Optimizing Compiler Version 19.24.28315 for x64
Copyright (C) Microsoft Corporation.  All rights reserved.

CMakeCCompilerId.c
Microsoft (R) Incremental Linker Version 14.24.28315.0
Copyright (C) Microsoft Corporation.  All rights reserved.

/out:CMakeCCompilerId.exe 
CMakeCCompilerId.obj 


Compilation of the C compiler identification source "CMakeCCompilerId.c" produced "CMakeCCompilerId.exe"

Compilation of the C compiler identification source "CMakeCCompilerId.c" produced "CMakeCCompilerId.obj"

The C compiler identification is MSVC, found in "C:/4900/CS4900/modules/NewModule/src/out/build/x64-Debug/CMakeFiles/3.15.19101501-MSVC_2/CompilerIdC/CMakeCCompilerId.exe"

Compiling the CXX compiler identification source file "CMakeCXXCompilerId.cpp" succeeded.
Compiler: C:/Program Files (x86)/Microsoft Visual Studio/2019/Community/VC/Tools/MSVC/14.24.28314/bin/HostX64/x64/cl.exe 
Build flags: 
Id flags:  

The output was:
0
Microsoft (R) C/C++ Optimizing Compiler Version 19.24.28315 for x64
Copyright (C) Microsoft Corporation.  All rights reserved.

CMakeCXXCompilerId.cpp
Microsoft (R) Incremental Linker Version 14.24.28315.0
Copyright (C) Microsoft Corporation.  All rights reserved.

/out:CMakeCXXCompilerId.exe 
CMakeCXXCompilerId.obj 


Compilation of the CXX compiler identification source "CMakeCXXCompilerId.cpp" produced "CMakeCXXCompilerId.exe"

Compilation of the CXX compiler identification source "CMakeCXXCompilerId.cpp" produced "CMakeCXXCompilerId.obj"

The CXX compiler identification is MSVC, found in "C:/4900/CS4900/modules/NewModule/src/out/build/x64-Debug/CMakeFiles/3.15.19101501-MSVC_2/CompilerIdCXX/CMakeCXXCompilerId.exe"

Determining if the C compiler works passed with the following output:
Change Dir: C:/4900/CS4900/modules/NewModule/src/out/build/x64-Debug/CMakeFiles/CMakeTmp

Run Build Command(s):C:/Program Files (x86)/Microsoft Visual Studio/2019/Community/Common7/IDE/CommonExtensions/Microsoft/CMake/Ninja/ninja.exe cmTC_07f2b && [1/2] Building C object CMakeFiles\cmTC_07f2b.dir\testCCompiler.c.obj
[2/2] Linking C executable cmTC_07f2b.exe



Detecting C compiler ABI info compiled with the following output:
Change Dir: C:/4900/CS4900/modules/NewModule/src/out/build/x64-Debug/CMakeFiles/CMakeTmp

Run Build Command(s):C:/Program Files (x86)/Microsoft Visual Studio/2019/Community/Common7/IDE/CommonExtensions/Microsoft/CMake/Ninja/ninja.exe cmTC_8bb68 && [1/2] Building C object CMakeFiles\cmTC_8bb68.dir\CMakeCCompilerABI.c.obj
[2/2] Linking C executable cmTC_8bb68.exe



Determining if the CXX compiler works passed with the following output:
Change Dir: C:/4900/CS4900/modules/NewModule/src/out/build/x64-Debug/CMakeFiles/CMakeTmp

Run Build Command(s):C:/Program Files (x86)/Microsoft Visual Studio/2019/Community/Common7/IDE/CommonExtensions/Microsoft/CMake/Ninja/ninja.exe cmTC_8caab && [1/2] Building CXX object CMakeFiles\cmTC_8caab.dir\testCXXCompiler.cxx.obj
[2/2] Linking CXX executable cmTC_8caab.exe



Detecting CXX compiler ABI info compiled with the following output:
Change Dir: C:/4900/CS4900/modules/NewModule/src/out/build/x64-Debug/CMakeFiles/CMakeTmp

Run Build Command(s):C:/Program Files (x86)/Microsoft Visual Studio/2019/Community/Common7/IDE/CommonExtensions/Microsoft/CMake/Ninja/ninja.exe cmTC_b0a82 && [1/2] Building CXX object CMakeFiles\cmTC_b0a82.dir\CMakeCXXCompilerABI.cpp.obj
[2/2] Linking CXX executable cmTC_b0a82.exe



Determining if the AFTR_CONFIG_USE_FREE_TYPE_GL_FONTS exist passed with the following output:
Change Dir: C:/4900/CS4900/modules/NewModule/src/out/build/x64-Debug/CMakeFiles/CMakeTmp

Run Build Command(s):C:/Program Files (x86)/Microsoft Visual Studio/2019/Community/Common7/IDE/CommonExtensions/Microsoft/CMake/Ninja/ninja.exe cmTC_fadf5 && [1/2] Building C object CMakeFiles\cmTC_fadf5.dir\CheckSymbolExists.c.obj
[2/2] Linking C executable cmTC_fadf5.exe


File C:/4900/CS4900/modules/NewModule/src/out/build/x64-Debug/CMakeFiles/CMakeTmp/CheckSymbolExists.c:
/* */
#include <C:/4900/CS4900/include/aftr/AftrConfig.h>

int main(int argc, char** argv)
{
  (void)argv;
#ifndef AFTR_CONFIG_USE_FREE_TYPE_GL_FONTS
  return ((int*)(&AFTR_CONFIG_USE_FREE_TYPE_GL_FONTS))[argc];
#else
  (void)argc;
  return 0;
#endif
}

Determining if the AFTR_CONFIG_USE_ASSIMP exist passed with the following output:
Change Dir: C:/4900/CS4900/modules/NewModule/src/out/build/x64-Debug/CMakeFiles/CMakeTmp

Run Build Command(s):C:/Program Files (x86)/Microsoft Visual Studio/2019/Community/Common7/IDE/CommonExtensions/Microsoft/CMake/Ninja/ninja.exe cmTC_7c14e && [1/2] Building C object CMakeFiles\cmTC_7c14e.dir\CheckSymbolExists.c.obj
[2/2] Linking C executable cmTC_7c14e.exe


File C:/4900/CS4900/modules/NewModule/src/out/build/x64-Debug/CMakeFiles/CMakeTmp/CheckSymbolExists.c:
/* */
#include <C:/4900/CS4900/include/aftr/AftrConfig.h>

int main(int argc, char** argv)
{
  (void)argv;
#ifndef AFTR_CONFIG_USE_ASSIMP
  return ((int*)(&AFTR_CONFIG_USE_ASSIMP))[argc];
#else
  (void)argc;
  return 0;
#endif
}

